Start-Pos.	Length	LId	TId	QId	Packet-Type	Discardable	Truncatable
==========	======	===	===	===	============	===========	===========
0x00000000	261	0	0	0	StreamHeader	No	No
0x00000105	14	0	0	0	ParameterSet	No	No
0x00000113	16	0	0	0	ParameterSet	No	No
0x00000123	8	0	0	0	ParameterSet	No	No
0x0000012b	9	0	0	0	ParameterSet	No	No
0x00000134	9	0	0	0	ParameterSet	No	No
0x00000146	980	0	0	0	SliceData	No	No
0x00000523	999	0	0	0	SliceData	No	No
0x00000913	948	0	0	0	SliceData	No	No
0x00000cd0	384	0	0	0	SliceData	No	No
0x00000e50	962	1	0	0	SliceData	No	No
0x00001212	987	1	0	0	SliceData	No	No
0x000015ed	997	1	0	0	SliceData	No	No
0x000019d2	999	1	0	0	SliceData	No	No
0x00001db9	983	1	0	0	SliceData	No	No
0x00002190	987	1	0	0	SliceData	No	No
0x0000256b	993	1	0	0	SliceData	No	No
0x0000294c	949	1	0	0	SliceData	No	No
0x00002d01	635	1	0	0	SliceData	No	No
0x00002f85	997	0	0	0	SliceData	No	No
0x00003373	977	0	0	0	SliceData	No	No
0x0000374d	985	0	0	0	SliceData	No	No
0x00003b2f	631	0	0	0	SliceData	No	No
0x00003da6	995	1	0	0	SliceData	No	No
0x00004189	998	1	0	0	SliceData	No	No
0x0000456f	995	1	0	0	SliceData	No	No
0x00004952	975	1	0	0	SliceData	No	No
0x00004d21	973	1	0	0	SliceData	No	No
0x000050ee	999	1	0	0	SliceData	No	No
0x000054d5	998	1	0	0	SliceData	No	No
0x000058bb	998	1	0	0	SliceData	No	No
0x00005ca1	954	1	0	0	SliceData	No	No
0x0000605b	487	1	0	0	SliceData	No	No
0x0000624b	979	0	0	0	SliceData	No	No
0x00006627	342	0	0	0	SliceData	No	No
0x0000677d	985	1	1	0	SliceData	Yes	No
0x00006b56	872	1	1	0	SliceData	Yes	No
0x00006ec7	693	0	0	0	SliceData	No	No
0x0000717c	986	1	2	0	SliceData	Yes	No
0x00007556	147	1	2	0	SliceData	Yes	No
0x000075f2	748	0	0	0	SliceData	No	No
0x000078de	984	1	2	0	SliceData	Yes	No
0x00007cb6	182	1	2	0	SliceData	Yes	No
0x00007d75	349	0	0	0	SliceData	No	No
0x00007ed2	488	1	3	0	SliceData	Yes	No
0x000080c3	353	0	0	0	SliceData	No	No
0x00008224	504	1	3	0	SliceData	Yes	No
0x00008425	372	0	0	0	SliceData	No	No
0x00008599	656	1	3	0	SliceData	Yes	No
0x00008832	452	0	0	0	SliceData	No	No
0x000089f6	626	1	3	0	SliceData	Yes	No
0x00008c71	115	0	5	0	SliceData	Yes	No
0x00008ce4	147	1	4	0	SliceData	Yes	No
0x00008d80	132	0	5	0	SliceData	Yes	No
0x00008e04	185	1	4	0	SliceData	Yes	No
0x00008ec6	132	0	5	0	SliceData	Yes	No
0x00008f4a	158	1	4	0	SliceData	Yes	No
0x00008ff1	132	0	5	0	SliceData	Yes	No
0x00009075	172	1	4	0	SliceData	Yes	No
0x0000912a	122	0	5	0	SliceData	Yes	No
0x000091a4	209	1	4	0	SliceData	Yes	No
0x0000927e	170	0	5	0	SliceData	Yes	No
0x00009328	307	1	4	0	SliceData	Yes	No
0x00009464	238	0	5	0	SliceData	Yes	No
0x00009552	314	1	4	0	SliceData	Yes	No
0x00009695	173	0	5	0	SliceData	Yes	No
0x00009742	255	1	4	0	SliceData	Yes	No
0x0000984a	955	0	0	0	SliceData	No	No
0x00009c0e	981	0	0	0	SliceData	No	No
0x00009fec	997	0	0	0	SliceData	No	No
0x0000a3da	657	0	0	0	SliceData	No	No
0x0000a66b	972	1	0	0	SliceData	No	No
0x0000aa37	972	1	0	0	SliceData	No	No
0x0000ae03	996	1	0	0	SliceData	No	No
0x0000b1e7	985	1	0	0	SliceData	No	No
0x0000b5c0	988	1	0	0	SliceData	No	No
0x0000b99c	992	1	0	0	SliceData	No	No
0x0000bd7c	993	1	0	0	SliceData	No	No
0x0000c15d	963	1	0	0	SliceData	No	No
0x0000c520	983	1	0	0	SliceData	No	No
0x0000c8f7	801	1	0	0	SliceData	No	No
0x0000cc21	776	0	0	0	SliceData	No	No
0x0000cf29	985	1	1	0	SliceData	Yes	No
0x0000d302	569	1	1	0	SliceData	Yes	No
0x0000d544	452	0	0	0	SliceData	No	No
0x0000d708	989	1	2	0	SliceData	Yes	No
0x0000dae5	75	1	2	0	SliceData	Yes	No
0x0000db39	303	0	0	0	SliceData	No	No
0x0000dc68	708	1	2	0	SliceData	Yes	No
0x0000df35	224	0	0	0	SliceData	No	No
0x0000e015	402	1	3	0	SliceData	Yes	No
0x0000e1b0	264	0	0	0	SliceData	No	No
0x0000e2b8	539	1	3	0	SliceData	Yes	No
0x0000e4dc	132	0	0	0	SliceData	No	No
0x0000e560	267	1	3	0	SliceData	Yes	No
0x0000e674	156	0	0	0	SliceData	No	No
0x0000e710	266	1	3	0	SliceData	Yes	No
0x0000e823	112	0	5	0	SliceData	Yes	No
0x0000e893	260	1	4	0	SliceData	Yes	No
0x0000e9a0	88	0	5	0	SliceData	Yes	No
0x0000e9f8	206	1	4	0	SliceData	Yes	No
0x0000eacf	107	0	5	0	SliceData	Yes	No
0x0000eb3a	196	1	4	0	SliceData	Yes	No
0x0000ec07	136	0	5	0	SliceData	Yes	No
0x0000ec8f	247	1	4	0	SliceData	Yes	No
0x0000ed8f	110	0	5	0	SliceData	Yes	No
0x0000edfd	218	1	4	0	SliceData	Yes	No
0x0000eee0	56	0	5	0	SliceData	Yes	No
0x0000ef18	91	1	4	0	SliceData	Yes	No
0x0000ef7c	57	0	5	0	SliceData	Yes	No
0x0000efb5	101	1	4	0	SliceData	Yes	No
0x0000f023	95	0	5	0	SliceData	Yes	No
0x0000f082	209	1	4	0	SliceData	Yes	No
0x0000f15c	990	0	0	0	SliceData	No	No
0x0000f543	994	0	0	0	SliceData	No	No
0x0000f92e	970	0	0	0	SliceData	No	No
0x0000fd01	556	0	0	0	SliceData	No	No
0x0000ff2d	993	1	0	0	SliceData	No	No
0x0001030e	969	1	0	0	SliceData	No	No
0x000106d7	976	1	0	0	SliceData	No	No
0x00010aa7	997	1	0	0	SliceData	No	No
0x00010e8c	990	1	0	0	SliceData	No	No
0x0001126a	986	1	0	0	SliceData	No	No
0x00011644	993	1	0	0	SliceData	No	No
0x00011a25	965	1	0	0	SliceData	No	No
0x00011dea	930	1	0	0	SliceData	No	No
0x0001218c	322	1	0	0	SliceData	No	No
0x000122d7	853	0	0	0	SliceData	No	No
0x0001262c	983	1	1	0	SliceData	Yes	No
0x00012a03	858	1	1	0	SliceData	Yes	No
0x00012d66	469	0	0	0	SliceData	No	No
0x00012f3b	910	1	2	0	SliceData	Yes	No
0x000132d2	601	0	0	0	SliceData	No	No
0x0001352b	974	1	2	0	SliceData	Yes	No
0x000138f9	281	1	2	0	SliceData	Yes	No
0x00013a1b	246	0	0	0	SliceData	No	No
0x00013b11	463	1	3	0	SliceData	Yes	No
0x00013ce9	193	0	0	0	SliceData	No	No
0x00013daa	401	1	3	0	SliceData	Yes	No
0x00013f44	257	0	0	0	SliceData	No	No
0x00014045	463	1	3	0	SliceData	Yes	No
0x0001421d	288	0	0	0	SliceData	No	No
0x0001433d	521	1	3	0	SliceData	Yes	No
0x0001454f	108	0	5	0	SliceData	Yes	No
0x000145bb	219	1	4	0	SliceData	Yes	No
0x0001469f	100	0	5	0	SliceData	Yes	No
0x00014703	260	1	4	0	SliceData	Yes	No
0x00014810	96	0	5	0	SliceData	Yes	No
0x00014870	250	1	4	0	SliceData	Yes	No
0x00014973	74	0	5	0	SliceData	Yes	No
0x000149bd	120	1	4	0	SliceData	Yes	No
0x00014a3e	114	0	5	0	SliceData	Yes	No
0x00014ab0	200	1	4	0	SliceData	Yes	No
0x00014b81	95	0	5	0	SliceData	Yes	No
0x00014be0	176	1	4	0	SliceData	Yes	No
0x00014c99	104	0	5	0	SliceData	Yes	No
0x00014d01	193	1	4	0	SliceData	Yes	No
0x00014dcb	158	0	5	0	SliceData	Yes	No
0x00014e69	261	1	4	0	SliceData	Yes	No
0x00014f77	970	0	0	0	SliceData	No	No
0x0001534a	987	0	0	0	SliceData	No	No
0x0001572e	978	0	0	0	SliceData	No	No
0x00015b09	708	0	0	0	SliceData	No	No
0x00015dcd	980	1	0	0	SliceData	No	No
0x000161a1	992	1	0	0	SliceData	No	No
0x00016581	973	1	0	0	SliceData	No	No
0x0001694e	973	1	0	0	SliceData	No	No
0x00016d1b	967	1	0	0	SliceData	No	No
0x000170e2	983	1	0	0	SliceData	No	No
0x000174b9	989	1	0	0	SliceData	No	No
0x00017896	998	1	0	0	SliceData	No	No
0x00017c7c	957	1	0	0	SliceData	No	No
0x00018039	556	1	0	0	SliceData	No	No
0x0001826e	965	0	0	0	SliceData	No	No
0x0001863c	99	0	0	0	SliceData	No	No
0x0001869f	989	1	1	0	SliceData	Yes	No
0x00018a7c	906	1	1	0	SliceData	Yes	No
0x00018e0f	642	0	0	0	SliceData	No	No
0x00019091	972	1	2	0	SliceData	Yes	No
0x0001945d	203	1	2	0	SliceData	Yes	No
0x00019531	523	0	0	0	SliceData	No	No
0x0001973c	944	1	2	0	SliceData	Yes	No
0x00019af5	262	0	0	0	SliceData	No	No
0x00019bfb	491	1	3	0	SliceData	Yes	No
0x00019def	343	0	0	0	SliceData	No	No
0x00019f46	586	1	3	0	SliceData	Yes	No
0x0001a199	301	0	0	0	SliceData	No	No
0x0001a2c6	621	1	3	0	SliceData	Yes	No
0x0001a53c	275	0	0	0	SliceData	No	No
0x0001a64f	580	1	3	0	SliceData	Yes	No
0x0001a89c	123	0	5	0	SliceData	Yes	No
0x0001a917	213	1	4	0	SliceData	Yes	No
0x0001a9f5	91	0	5	0	SliceData	Yes	No
0x0001aa50	190	1	4	0	SliceData	Yes	No
0x0001ab17	128	0	5	0	SliceData	Yes	No
0x0001ab97	296	1	4	0	SliceData	Yes	No
0x0001acc8	148	0	5	0	SliceData	Yes	No
0x0001ad5c	280	1	4	0	SliceData	Yes	No
0x0001ae7d	148	0	5	0	SliceData	Yes	No
0x0001af11	281	1	4	0	SliceData	Yes	No
0x0001b033	111	0	5	0	SliceData	Yes	No
0x0001b0a2	220	1	4	0	SliceData	Yes	No
0x0001b187	95	0	5	0	SliceData	Yes	No
0x0001b1e6	314	1	4	0	SliceData	Yes	No
0x0001b329	108	0	5	0	SliceData	Yes	No
0x0001b395	234	1	4	0	SliceData	Yes	No
0x0001b488	983	0	0	0	SliceData	No	No
0x0001b868	979	0	0	0	SliceData	No	No
0x0001bc44	997	0	0	0	SliceData	No	No
0x0001c032	658	0	0	0	SliceData	No	No
0x0001c2c4	1000	1	0	0	SliceData	No	No
0x0001c6ac	976	1	0	0	SliceData	No	No
0x0001ca7c	997	1	0	0	SliceData	No	No
0x0001ce61	997	1	0	0	SliceData	No	No
0x0001d246	993	1	0	0	SliceData	No	No
0x0001d627	1000	1	0	0	SliceData	No	No
0x0001da0f	980	1	0	0	SliceData	No	No
0x0001dde3	981	1	0	0	SliceData	No	No
0x0001e1b8	997	1	0	0	SliceData	No	No
0x0001e59d	267	1	0	0	SliceData	No	No
0x0001e6b1	976	0	0	0	SliceData	No	No
0x0001ea8a	170	0	0	0	SliceData	No	No
0x0001eb34	981	1	1	0	SliceData	Yes	No
0x0001ef09	860	1	1	0	SliceData	Yes	No
0x0001f26e	668	0	0	0	SliceData	No	No
0x0001f50a	954	1	2	0	SliceData	Yes	No
0x0001f8c4	192	1	2	0	SliceData	Yes	No
0x0001f98d	599	0	0	0	SliceData	No	No
0x0001fbe4	988	1	2	0	SliceData	Yes	No
0x0001ffc0	61	1	2	0	SliceData	Yes	No
0x00020006	304	0	0	0	SliceData	No	No
0x00020136	627	1	3	0	SliceData	Yes	No
0x000203b2	366	0	0	0	SliceData	No	No
0x00020520	556	1	3	0	SliceData	Yes	No
0x00020755	333	0	0	0	SliceData	No	No
0x000208a2	632	1	3	0	SliceData	Yes	No
0x00020b23	437	0	0	0	SliceData	No	No
0x00020cd8	637	1	3	0	SliceData	Yes	No
0x00020f5e	117	0	5	0	SliceData	Yes	No
0x00020fd3	218	1	4	0	SliceData	Yes	No
0x000210b6	125	0	5	0	SliceData	Yes	No
0x00021133	218	1	4	0	SliceData	Yes	No
0x00021216	120	0	5	0	SliceData	Yes	No
0x0002128e	188	1	4	0	SliceData	Yes	No
0x00021353	173	0	5	0	SliceData	Yes	No
0x00021400	215	1	4	0	SliceData	Yes	No
0x000214e0	132	0	5	0	SliceData	Yes	No
0x00021564	165	1	4	0	SliceData	Yes	No
0x00021612	116	0	5	0	SliceData	Yes	No
0x00021686	246	1	4	0	SliceData	Yes	No
0x00021785	195	0	5	0	SliceData	Yes	No
0x00021848	302	1	4	0	SliceData	Yes	No
0x0002197f	173	0	5	0	SliceData	Yes	No
0x00021a2c	257	1	4	0	SliceData	Yes	No
0x00021b36	969	0	0	0	SliceData	No	No
0x00021f08	988	0	0	0	SliceData	No	No
0x000222ed	961	0	0	0	SliceData	No	No
0x000226b7	643	0	0	0	SliceData	No	No
0x0002293a	999	1	0	0	SliceData	No	No
0x00022d21	988	1	0	0	SliceData	No	No
0x000230fd	986	1	0	0	SliceData	No	No
0x000234d7	998	1	0	0	SliceData	No	No
0x000238bd	995	1	0	0	SliceData	No	No
0x00023ca0	989	1	0	0	SliceData	No	No
0x0002407d	985	1	0	0	SliceData	No	No
0x00024456	968	1	0	0	SliceData	No	No
0x0002481e	985	1	0	0	SliceData	No	No
0x00024bf7	216	1	0	0	SliceData	No	No
0x00024cd8	982	0	0	0	SliceData	No	No
0x000250b7	643	0	0	0	SliceData	No	No
0x0002533a	985	1	1	0	SliceData	Yes	No
0x00025713	983	1	1	0	SliceData	Yes	No
0x00025aea	649	1	1	0	SliceData	Yes	No
0x00025d7c	804	0	0	0	SliceData	No	No
0x000260a0	986	1	2	0	SliceData	Yes	No
0x0002647a	375	1	2	0	SliceData	Yes	No
0x000265fa	985	0	0	0	SliceData	No	No
0x000269d3	981	1	2	0	SliceData	Yes	No
0x00026da8	420	1	2	0	SliceData	Yes	No
0x00026f55	393	0	0	0	SliceData	No	No
0x000270de	557	1	3	0	SliceData	Yes	No
0x00027314	378	0	0	0	SliceData	No	No
0x0002748e	600	1	3	0	SliceData	Yes	No
0x000276ef	496	0	0	0	SliceData	No	No
0x000278df	666	1	3	0	SliceData	Yes	No
0x00027b82	451	0	0	0	SliceData	No	No
0x00027d45	580	1	3	0	SliceData	Yes	No
0x00027f92	176	0	5	0	SliceData	Yes	No
0x00028042	179	1	4	0	SliceData	Yes	No
0x000280fe	155	0	5	0	SliceData	Yes	No
0x00028199	233	1	4	0	SliceData	Yes	No
0x0002828b	178	0	5	0	SliceData	Yes	No
0x0002833d	254	1	4	0	SliceData	Yes	No
0x00028444	123	0	5	0	SliceData	Yes	No
0x000284bf	197	1	4	0	SliceData	Yes	No
0x0002858d	289	0	5	0	SliceData	Yes	No
0x000286ae	331	1	4	0	SliceData	Yes	No
0x00028802	275	0	5	0	SliceData	Yes	No
0x00028915	334	1	4	0	SliceData	Yes	No
0x00028a6c	303	0	5	0	SliceData	Yes	No
0x00028b9b	366	1	4	0	SliceData	Yes	No
0x00028d12	136	0	5	0	SliceData	Yes	No
0x00028d9a	196	1	4	0	SliceData	Yes	No
0x00028e67	986	0	0	0	SliceData	No	No
0x0002924a	967	0	0	0	SliceData	No	No
0x0002961a	987	0	0	0	SliceData	No	No
0x000299fe	564	0	0	0	SliceData	No	No
0x00029c32	976	1	0	0	SliceData	No	No
0x0002a002	966	1	0	0	SliceData	No	No
0x0002a3c8	995	1	0	0	SliceData	No	No
0x0002a7ab	974	1	0	0	SliceData	No	No
0x0002ab79	996	1	0	0	SliceData	No	No
0x0002af5d	990	1	0	0	SliceData	No	No
0x0002b33b	954	1	0	0	SliceData	No	No
0x0002b6f5	988	1	0	0	SliceData	No	No
0x0002bad1	936	1	0	0	SliceData	No	No
0x0002be79	117	1	0	0	SliceData	No	No
0x0002bef7	455	0	0	0	SliceData	No	No
0x0002c0be	764	1	1	0	SliceData	Yes	No
0x0002c3c3	296	0	0	0	SliceData	No	No
0x0002c4eb	623	1	2	0	SliceData	Yes	No
0x0002c763	204	0	0	0	SliceData	No	No
0x0002c82f	493	1	2	0	SliceData	Yes	No
0x0002ca25	196	0	0	0	SliceData	No	No
0x0002cae9	334	1	3	0	SliceData	Yes	No
0x0002cc40	150	0	0	0	SliceData	No	No
0x0002ccd6	397	1	3	0	SliceData	Yes	No
0x0002ce6c	151	0	0	0	SliceData	No	No
0x0002cf03	309	1	3	0	SliceData	Yes	No
0x0002d041	157	0	0	0	SliceData	No	No
0x0002d0de	332	1	3	0	SliceData	Yes	No
0x0002d233	114	0	5	0	SliceData	Yes	No
0x0002d2a5	164	1	4	0	SliceData	Yes	No
0x0002d352	66	0	5	0	SliceData	Yes	No
0x0002d394	107	1	4	0	SliceData	Yes	No
0x0002d408	70	0	5	0	SliceData	Yes	No
0x0002d44e	119	1	4	0	SliceData	Yes	No
0x0002d4ce	80	0	5	0	SliceData	Yes	No
0x0002d51e	164	1	4	0	SliceData	Yes	No
0x0002d5cb	68	0	5	0	SliceData	Yes	No
0x0002d60f	116	1	4	0	SliceData	Yes	No
0x0002d68c	66	0	5	0	SliceData	Yes	No
0x0002d6ce	115	1	4	0	SliceData	Yes	No
0x0002d74a	51	0	5	0	SliceData	Yes	No
0x0002d77d	167	1	4	0	SliceData	Yes	No
0x0002d82d	75	0	5	0	SliceData	Yes	No
0x0002d878	175	1	4	0	SliceData	Yes	No
0x0002d930	993	0	0	0	SliceData	No	No
0x0002dd1a	992	0	0	0	SliceData	No	No
0x0002e103	957	0	0	0	SliceData	No	No
0x0002e4c9	810	0	0	0	SliceData	No	No
0x0002e7f3	998	1	0	0	SliceData	No	No
0x0002ebd9	997	1	0	0	SliceData	No	No
0x0002efbe	962	1	0	0	SliceData	No	No
0x0002f380	989	1	0	0	SliceData	No	No
0x0002f75d	999	1	0	0	SliceData	No	No
0x0002fb44	976	1	0	0	SliceData	No	No
0x0002ff14	961	1	0	0	SliceData	No	No
0x000302d5	997	1	0	0	SliceData	No	No
0x000306ba	999	1	0	0	SliceData	No	No
0x00030aa1	562	1	0	0	SliceData	No	No
0x00030cdc	611	0	0	0	SliceData	No	No
0x00030f3f	980	1	1	0	SliceData	Yes	No
0x00031313	210	1	1	0	SliceData	Yes	No
0x000313ee	284	0	0	0	SliceData	No	No
0x0003150a	584	1	2	0	SliceData	Yes	No
0x0003175b	516	0	0	0	SliceData	No	No
0x0003195f	982	1	2	0	SliceData	Yes	No
0x00031d35	28	1	2	0	SliceData	Yes	No
0x00031d5a	135	0	0	0	SliceData	No	No
0x00031de1	263	1	3	0	SliceData	Yes	No
0x00031ef1	156	0	0	0	SliceData	No	No
0x00031f8d	273	1	3	0	SliceData	Yes	No
0x000320a7	186	0	0	0	SliceData	No	No
0x00032161	434	1	3	0	SliceData	Yes	No
0x0003231c	318	0	0	0	SliceData	No	No
0x0003245a	604	1	3	0	SliceData	Yes	No
0x000326bf	58	0	5	0	SliceData	Yes	No
0x000326f9	113	1	4	0	SliceData	Yes	No
0x00032773	49	0	5	0	SliceData	Yes	No
0x000327a4	138	1	4	0	SliceData	Yes	No
0x00032837	46	0	5	0	SliceData	Yes	No
0x00032865	82	1	4	0	SliceData	Yes	No
0x000328c0	71	0	5	0	SliceData	Yes	No
0x00032907	130	1	4	0	SliceData	Yes	No
0x00032992	69	0	5	0	SliceData	Yes	No
0x000329d7	91	1	4	0	SliceData	Yes	No
0x00032a3b	68	0	5	0	SliceData	Yes	No
0x00032a7f	179	1	4	0	SliceData	Yes	No
0x00032b3b	110	0	5	0	SliceData	Yes	No
0x00032ba9	238	1	4	0	SliceData	Yes	No
0x00032ca0	108	0	5	0	SliceData	Yes	No
0x00032d0c	199	1	4	0	SliceData	Yes	No
0x00032ddc	991	0	0	0	SliceData	No	No
0x000331c4	992	0	0	0	SliceData	No	No
0x000335ad	959	0	0	0	SliceData	No	No
0x00033975	378	0	0	0	SliceData	No	No
0x00033aef	973	1	0	0	SliceData	No	No
0x00033ebc	993	1	0	0	SliceData	No	No
0x0003429d	995	1	0	0	SliceData	No	No
0x00034680	974	1	0	0	SliceData	No	No
0x00034a4e	992	1	0	0	SliceData	No	No
0x00034e2e	997	1	0	0	SliceData	No	No
0x00035213	998	1	0	0	SliceData	No	No
0x000355f9	981	1	0	0	SliceData	No	No
0x000359ce	724	1	0	0	SliceData	No	No
0x00035cab	990	0	0	0	SliceData	No	No
0x00036092	508	0	0	0	SliceData	No	No
0x0003628e	987	1	1	0	SliceData	Yes	No
0x00036669	979	1	1	0	SliceData	Yes	No
0x00036a3c	523	1	1	0	SliceData	Yes	No
0x00036c50	614	0	0	0	SliceData	No	No
0x00036eb6	980	1	2	0	SliceData	Yes	No
0x00037293	946	0	0	0	SliceData	No	No
0x00037645	987	1	2	0	SliceData	Yes	No
0x00037a20	529	1	2	0	SliceData	Yes	No
0x00037c3a	316	0	0	0	SliceData	No	No
0x00037d76	563	1	3	0	SliceData	Yes	No
0x00037fb2	288	0	0	0	SliceData	No	No
0x000380d2	561	1	3	0	SliceData	Yes	No
0x0003830c	531	0	0	0	SliceData	No	No
0x0003851f	756	1	3	0	SliceData	Yes	No
0x0003881c	569	0	0	0	SliceData	No	No
0x00038a55	876	1	3	0	SliceData	Yes	No
0x00038dca	103	0	5	0	SliceData	Yes	No
0x00038e31	206	1	4	0	SliceData	Yes	No
0x00038f08	123	0	5	0	SliceData	Yes	No
0x00038f83	180	1	4	0	SliceData	Yes	No
0x00039040	97	0	5	0	SliceData	Yes	No
0x000390a1	184	1	4	0	SliceData	Yes	No
0x00039162	123	0	5	0	SliceData	Yes	No
0x000391dd	203	1	4	0	SliceData	Yes	No
0x000392b1	157	0	5	0	SliceData	Yes	No
0x0003934e	334	1	4	0	SliceData	Yes	No
0x000394a5	205	0	5	0	SliceData	Yes	No
0x00039572	307	1	4	0	SliceData	Yes	No
0x000396ae	222	0	5	0	SliceData	Yes	No
0x0003978c	311	1	4	0	SliceData	Yes	No
0x000398cc	249	0	5	0	SliceData	Yes	No
0x000399c5	333	1	4	0	SliceData	Yes	No
0x00039b1b	986	0	0	0	SliceData	No	No
0x00039efe	602	0	0	0	SliceData	No	No
0x0003a158	984	1	1	0	SliceData	Yes	No
0x0003a530	982	1	1	0	SliceData	Yes	No
0x0003a906	405	1	1	0	SliceData	Yes	No
0x0003aaa4	766	0	0	0	SliceData	No	No
0x0003ada2	984	1	2	0	SliceData	Yes	No
0x0003b17a	456	1	2	0	SliceData	Yes	No
0x0003b34b	987	0	0	0	SliceData	No	No
0x0003b72f	633	0	0	0	SliceData	No	No
0x0003b9a8	974	1	2	0	SliceData	Yes	No
0x0003bd76	986	1	2	0	SliceData	Yes	No
0x0003c150	365	1	2	0	SliceData	Yes	No
0x0003c2c6	390	0	0	0	SliceData	No	No
0x0003c44c	594	1	3	0	SliceData	Yes	No
0x0003c6a7	332	0	0	0	SliceData	No	No
0x0003c7f3	635	1	3	0	SliceData	Yes	No
0x0003ca77	992	0	0	0	SliceData	No	No
0x0003ce60	66	0	0	0	SliceData	No	No
0x0003cea2	963	1	3	0	SliceData	Yes	No
0x0003d265	412	1	3	0	SliceData	Yes	No
0x0003d40a	976	0	0	0	SliceData	No	No
0x0003d7e3	205	0	0	0	SliceData	No	No
0x0003d8b0	951	1	3	0	SliceData	Yes	No
0x0003dc67	772	1	3	0	SliceData	Yes	No
0x0003df74	190	0	5	0	SliceData	Yes	No
0x0003e032	286	1	4	0	SliceData	Yes	No
0x0003e159	195	0	5	0	SliceData	Yes	No
0x0003e21c	327	1	4	0	SliceData	Yes	No
0x0003e36c	140	0	5	0	SliceData	Yes	No
0x0003e3f8	253	1	4	0	SliceData	Yes	No
0x0003e4fe	226	0	5	0	SliceData	Yes	No
0x0003e5e0	382	1	4	0	SliceData	Yes	No
0x0003e767	449	0	5	0	SliceData	Yes	No
0x0003e928	559	1	4	0	SliceData	Yes	No
0x0003eb60	445	0	5	0	SliceData	Yes	No
0x0003ed1d	570	1	4	0	SliceData	Yes	No
0x0003ef60	303	0	5	0	SliceData	Yes	No
0x0003f08f	465	1	4	0	SliceData	Yes	No
0x0003f269	162	0	5	0	SliceData	Yes	No
0x0003f30b	413	1	4	0	SliceData	Yes	No
